<?xml version="1.0" encoding="UTF-8"?>
<testng-results ignored="0" total="5" passed="5" failed="0" skipped="0">
  <reporter-output>
  </reporter-output>
  <suite started-at="2025-03-23T15:37:39 IST" name="Parallel Test Suite" finished-at="2025-03-23T15:38:33 IST" duration-ms="53765">
    <groups>
    </groups>
    <test started-at="2025-03-23T15:37:39 IST" name="Safari on macOS" finished-at="2025-03-23T15:38:01 IST" duration-ms="21836">
      <class name="com.paris.tests.ArticleTest">
        <test-method is-config="true" signature="setUp(java.lang.String,java.lang.String,java.lang.String)[pri:0, instance:com.paris.tests.ArticleTest@7dfb0c0f]" started-at="2025-03-23T15:37:39 IST" name="setUp" finished-at="2025-03-23T15:37:44 IST" duration-ms="5125" status="PASS">
          <params>
            <param index="0">
              <value>
                <![CDATA[Safari]]>
              </value>
            </param>
            <param index="1">
              <value>
                <![CDATA[OS X]]>
              </value>
            </param>
            <param index="2">
              <value>
                <![CDATA[Monterey]]>
              </value>
            </param>
          </params>
          <reporter-output>
          </reporter-output>
        </test-method> <!-- setUp -->
        <test-method signature="testArticleScrapingAndTranslation()[pri:0, instance:com.paris.tests.ArticleTest@7dfb0c0f]" started-at="2025-03-23T15:37:44 IST" name="testArticleScrapingAndTranslation" finished-at="2025-03-23T15:37:59 IST" duration-ms="15149" status="PASS">
          <reporter-output>
          </reporter-output>
        </test-method> <!-- testArticleScrapingAndTranslation -->
        <test-method is-config="true" signature="tearDown()[pri:0, instance:com.paris.tests.ArticleTest@7dfb0c0f]" started-at="2025-03-23T15:37:59 IST" name="tearDown" finished-at="2025-03-23T15:38:01 IST" duration-ms="1499" status="PASS">
          <reporter-output>
          </reporter-output>
        </test-method> <!-- tearDown -->
      </class> <!-- com.paris.tests.ArticleTest -->
    </test> <!-- Safari on macOS -->
    <test started-at="2025-03-23T15:37:39 IST" name="Chrome on macOS" finished-at="2025-03-23T15:38:01 IST" duration-ms="22350">
      <class name="com.paris.tests.ArticleTest">
        <test-method is-config="true" signature="setUp(java.lang.String,java.lang.String,java.lang.String)[pri:0, instance:com.paris.tests.ArticleTest@14dd7b39]" started-at="2025-03-23T15:37:39 IST" name="setUp" finished-at="2025-03-23T15:37:46 IST" duration-ms="7063" status="PASS">
          <params>
            <param index="0">
              <value>
                <![CDATA[Chrome]]>
              </value>
            </param>
            <param index="1">
              <value>
                <![CDATA[OS X]]>
              </value>
            </param>
            <param index="2">
              <value>
                <![CDATA[Ventura]]>
              </value>
            </param>
          </params>
          <reporter-output>
          </reporter-output>
        </test-method> <!-- setUp -->
        <test-method signature="testArticleScrapingAndTranslation()[pri:0, instance:com.paris.tests.ArticleTest@14dd7b39]" started-at="2025-03-23T15:37:46 IST" name="testArticleScrapingAndTranslation" finished-at="2025-03-23T15:38:00 IST" duration-ms="13694" status="PASS">
          <reporter-output>
          </reporter-output>
        </test-method> <!-- testArticleScrapingAndTranslation -->
        <test-method is-config="true" signature="tearDown()[pri:0, instance:com.paris.tests.ArticleTest@14dd7b39]" started-at="2025-03-23T15:38:00 IST" name="tearDown" finished-at="2025-03-23T15:38:01 IST" duration-ms="1542" status="PASS">
          <reporter-output>
          </reporter-output>
        </test-method> <!-- tearDown -->
      </class> <!-- com.paris.tests.ArticleTest -->
    </test> <!-- Chrome on macOS -->
    <test started-at="2025-03-23T15:37:39 IST" name="Firefox on macOS" finished-at="2025-03-23T15:38:07 IST" duration-ms="28508">
      <class name="com.paris.tests.ArticleTest">
        <test-method is-config="true" signature="setUp(java.lang.String,java.lang.String,java.lang.String)[pri:0, instance:com.paris.tests.ArticleTest@6933b6c6]" started-at="2025-03-23T15:37:39 IST" name="setUp" finished-at="2025-03-23T15:37:49 IST" duration-ms="10064" status="PASS">
          <params>
            <param index="0">
              <value>
                <![CDATA[Firefox]]>
              </value>
            </param>
            <param index="1">
              <value>
                <![CDATA[OS X]]>
              </value>
            </param>
            <param index="2">
              <value>
                <![CDATA[Monterey]]>
              </value>
            </param>
          </params>
          <reporter-output>
          </reporter-output>
        </test-method> <!-- setUp -->
        <test-method signature="testArticleScrapingAndTranslation()[pri:0, instance:com.paris.tests.ArticleTest@6933b6c6]" started-at="2025-03-23T15:37:49 IST" name="testArticleScrapingAndTranslation" finished-at="2025-03-23T15:38:05 IST" duration-ms="16387" status="PASS">
          <reporter-output>
          </reporter-output>
        </test-method> <!-- testArticleScrapingAndTranslation -->
        <test-method is-config="true" signature="tearDown()[pri:0, instance:com.paris.tests.ArticleTest@6933b6c6]" started-at="2025-03-23T15:38:05 IST" name="tearDown" finished-at="2025-03-23T15:38:07 IST" duration-ms="2003" status="PASS">
          <reporter-output>
          </reporter-output>
        </test-method> <!-- tearDown -->
      </class> <!-- com.paris.tests.ArticleTest -->
    </test> <!-- Firefox on macOS -->
    <test started-at="2025-03-23T15:37:39 IST" name="Edge on Windows" finished-at="2025-03-23T15:38:32 IST" duration-ms="52949">
      <class name="com.paris.tests.ArticleTest">
        <test-method is-config="true" signature="setUp(java.lang.String,java.lang.String,java.lang.String)[pri:0, instance:com.paris.tests.ArticleTest@3aa078fd]" started-at="2025-03-23T15:37:39 IST" name="setUp" finished-at="2025-03-23T15:37:52 IST" duration-ms="13384" status="PASS">
          <params>
            <param index="0">
              <value>
                <![CDATA[Edge]]>
              </value>
            </param>
            <param index="1">
              <value>
                <![CDATA[Windows]]>
              </value>
            </param>
            <param index="2">
              <value>
                <![CDATA[11]]>
              </value>
            </param>
          </params>
          <reporter-output>
          </reporter-output>
        </test-method> <!-- setUp -->
        <test-method signature="testArticleScrapingAndTranslation()[pri:0, instance:com.paris.tests.ArticleTest@3aa078fd]" started-at="2025-03-23T15:37:52 IST" name="testArticleScrapingAndTranslation" finished-at="2025-03-23T15:38:30 IST" duration-ms="38290" status="PASS">
          <reporter-output>
          </reporter-output>
        </test-method> <!-- testArticleScrapingAndTranslation -->
        <test-method is-config="true" signature="tearDown()[pri:0, instance:com.paris.tests.ArticleTest@3aa078fd]" started-at="2025-03-23T15:38:30 IST" name="tearDown" finished-at="2025-03-23T15:38:32 IST" duration-ms="1223" status="PASS">
          <reporter-output>
          </reporter-output>
        </test-method> <!-- tearDown -->
      </class> <!-- com.paris.tests.ArticleTest -->
    </test> <!-- Edge on Windows -->
    <test started-at="2025-03-23T15:37:39 IST" name="Chrome on Windows" finished-at="2025-03-23T15:38:33 IST" duration-ms="53765">
      <class name="com.paris.tests.ArticleTest">
        <test-method is-config="true" signature="setUp(java.lang.String,java.lang.String,java.lang.String)[pri:0, instance:com.paris.tests.ArticleTest@5e7cd6cc]" started-at="2025-03-23T15:37:39 IST" name="setUp" finished-at="2025-03-23T15:37:48 IST" duration-ms="9142" status="PASS">
          <params>
            <param index="0">
              <value>
                <![CDATA[Chrome]]>
              </value>
            </param>
            <param index="1">
              <value>
                <![CDATA[Windows]]>
              </value>
            </param>
            <param index="2">
              <value>
                <![CDATA[10]]>
              </value>
            </param>
          </params>
          <reporter-output>
          </reporter-output>
        </test-method> <!-- setUp -->
        <test-method signature="testArticleScrapingAndTranslation()[pri:0, instance:com.paris.tests.ArticleTest@5e7cd6cc]" started-at="2025-03-23T15:37:48 IST" name="testArticleScrapingAndTranslation" finished-at="2025-03-23T15:38:31 IST" duration-ms="43226" status="PASS">
          <reporter-output>
          </reporter-output>
        </test-method> <!-- testArticleScrapingAndTranslation -->
        <test-method is-config="true" signature="tearDown()[pri:0, instance:com.paris.tests.ArticleTest@5e7cd6cc]" started-at="2025-03-23T15:38:31 IST" name="tearDown" finished-at="2025-03-23T15:38:33 IST" duration-ms="1346" status="PASS">
          <reporter-output>
          </reporter-output>
        </test-method> <!-- tearDown -->
      </class> <!-- com.paris.tests.ArticleTest -->
    </test> <!-- Chrome on Windows -->
  </suite> <!-- Parallel Test Suite -->
</testng-results>
